{"/Users/brad/Projects/status-api/app.ts": {"path":"/Users/brad/Projects/status-api/app.ts","all":false,"statementMap":{"0":{"start":{"line":1,"column":0},"end":{"line":1,"column":62}},"1":{"start":{"line":2,"column":0},"end":{"line":2,"column":28}},"2":{"start":{"line":3,"column":0},"end":{"line":3,"column":50}},"3":{"start":{"line":4,"column":0},"end":{"line":4,"column":44}},"4":{"start":{"line":5,"column":0},"end":{"line":5,"column":58}},"5":{"start":{"line":6,"column":0},"end":{"line":6,"column":76}},"6":{"start":{"line":7,"column":0},"end":{"line":7,"column":0}},"7":{"start":{"line":8,"column":0},"end":{"line":8,"column":16}},"8":{"start":{"line":9,"column":0},"end":{"line":9,"column":0}},"9":{"start":{"line":10,"column":0},"end":{"line":10,"column":31}},"10":{"start":{"line":11,"column":0},"end":{"line":11,"column":38}},"11":{"start":{"line":12,"column":0},"end":{"line":12,"column":76}},"12":{"start":{"line":13,"column":0},"end":{"line":13,"column":35}},"13":{"start":{"line":14,"column":0},"end":{"line":14,"column":0}},"14":{"start":{"line":15,"column":0},"end":{"line":15,"column":30}},"15":{"start":{"line":16,"column":0},"end":{"line":16,"column":28}},"16":{"start":{"line":17,"column":0},"end":{"line":17,"column":0}},"17":{"start":{"line":18,"column":0},"end":{"line":18,"column":30}},"18":{"start":{"line":19,"column":0},"end":{"line":19,"column":68}},"19":{"start":{"line":20,"column":0},"end":{"line":20,"column":1}},"20":{"start":{"line":21,"column":0},"end":{"line":21,"column":0}},"21":{"start":{"line":22,"column":0},"end":{"line":22,"column":72}},"22":{"start":{"line":23,"column":0},"end":{"line":23,"column":88}},"23":{"start":{"line":24,"column":0},"end":{"line":24,"column":1}},"24":{"start":{"line":25,"column":0},"end":{"line":25,"column":0}},"25":{"start":{"line":26,"column":0},"end":{"line":26,"column":3}},"26":{"start":{"line":27,"column":0},"end":{"line":27,"column":18}},"27":{"start":{"line":28,"column":0},"end":{"line":28,"column":64}},"28":{"start":{"line":29,"column":0},"end":{"line":29,"column":2}},"29":{"start":{"line":30,"column":0},"end":{"line":30,"column":38}},"30":{"start":{"line":31,"column":0},"end":{"line":31,"column":31}},"31":{"start":{"line":32,"column":0},"end":{"line":32,"column":19}},"32":{"start":{"line":33,"column":0},"end":{"line":33,"column":6}},"33":{"start":{"line":34,"column":0},"end":{"line":34,"column":0}},"34":{"start":{"line":35,"column":0},"end":{"line":35,"column":3}},"35":{"start":{"line":36,"column":0},"end":{"line":36,"column":7}},"36":{"start":{"line":37,"column":0},"end":{"line":37,"column":71}},"37":{"start":{"line":38,"column":0},"end":{"line":38,"column":68}},"38":{"start":{"line":39,"column":0},"end":{"line":39,"column":48}},"39":{"start":{"line":40,"column":0},"end":{"line":40,"column":2}},"40":{"start":{"line":41,"column":0},"end":{"line":41,"column":61}},"41":{"start":{"line":42,"column":0},"end":{"line":42,"column":72}},"42":{"start":{"line":43,"column":0},"end":{"line":43,"column":2}},"43":{"start":{"line":44,"column":0},"end":{"line":44,"column":26}},"44":{"start":{"line":45,"column":0},"end":{"line":45,"column":0}},"45":{"start":{"line":46,"column":0},"end":{"line":46,"column":63}},"46":{"start":{"line":47,"column":0},"end":{"line":47,"column":82}},"47":{"start":{"line":48,"column":0},"end":{"line":48,"column":2}},"48":{"start":{"line":49,"column":0},"end":{"line":49,"column":34}},"49":{"start":{"line":50,"column":0},"end":{"line":50,"column":0}},"50":{"start":{"line":51,"column":0},"end":{"line":51,"column":86}},"51":{"start":{"line":52,"column":0},"end":{"line":52,"column":62}},"52":{"start":{"line":53,"column":0},"end":{"line":53,"column":12}},"53":{"start":{"line":54,"column":0},"end":{"line":54,"column":17}},"54":{"start":{"line":55,"column":0},"end":{"line":55,"column":79}},"55":{"start":{"line":56,"column":0},"end":{"line":56,"column":5}},"56":{"start":{"line":57,"column":0},"end":{"line":57,"column":2}},"57":{"start":{"line":58,"column":0},"end":{"line":58,"column":55}},"58":{"start":{"line":59,"column":0},"end":{"line":59,"column":0}},"59":{"start":{"line":60,"column":0},"end":{"line":60,"column":3}},"60":{"start":{"line":61,"column":0},"end":{"line":61,"column":56}},"61":{"start":{"line":62,"column":0},"end":{"line":62,"column":65}},"62":{"start":{"line":63,"column":0},"end":{"line":63,"column":69}},"63":{"start":{"line":64,"column":0},"end":{"line":64,"column":14}},"64":{"start":{"line":65,"column":0},"end":{"line":65,"column":3}},"65":{"start":{"line":66,"column":0},"end":{"line":66,"column":41}},"66":{"start":{"line":67,"column":0},"end":{"line":67,"column":0}},"67":{"start":{"line":68,"column":0},"end":{"line":68,"column":3}},"68":{"start":{"line":69,"column":0},"end":{"line":69,"column":57}},"69":{"start":{"line":70,"column":0},"end":{"line":70,"column":3}},"70":{"start":{"line":71,"column":0},"end":{"line":71,"column":29}},"71":{"start":{"line":72,"column":0},"end":{"line":72,"column":0}},"72":{"start":{"line":73,"column":0},"end":{"line":73,"column":13}},"73":{"start":{"line":74,"column":0},"end":{"line":74,"column":47}},"74":{"start":{"line":75,"column":0},"end":{"line":75,"column":42}},"75":{"start":{"line":76,"column":0},"end":{"line":76,"column":38}},"76":{"start":{"line":77,"column":0},"end":{"line":77,"column":24}},"77":{"start":{"line":78,"column":0},"end":{"line":78,"column":8}},"78":{"start":{"line":79,"column":0},"end":{"line":79,"column":48}},"79":{"start":{"line":80,"column":0},"end":{"line":80,"column":32}},"80":{"start":{"line":81,"column":0},"end":{"line":81,"column":31}},"81":{"start":{"line":82,"column":0},"end":{"line":82,"column":8}},"82":{"start":{"line":83,"column":0},"end":{"line":83,"column":38}},"83":{"start":{"line":84,"column":0},"end":{"line":84,"column":6}},"84":{"start":{"line":85,"column":0},"end":{"line":85,"column":0}},"85":{"start":{"line":86,"column":0},"end":{"line":86,"column":10}},"86":{"start":{"line":87,"column":0},"end":{"line":87,"column":57}},"87":{"start":{"line":88,"column":0},"end":{"line":88,"column":0}},"88":{"start":{"line":89,"column":0},"end":{"line":89,"column":76}},"89":{"start":{"line":90,"column":0},"end":{"line":90,"column":37}},"90":{"start":{"line":91,"column":0},"end":{"line":91,"column":0}},"91":{"start":{"line":92,"column":0},"end":{"line":92,"column":32}}},"s":{"0":1,"1":1,"2":1,"3":1,"4":1,"5":1,"6":1,"7":1,"8":1,"9":1,"10":1,"11":1,"12":1,"13":1,"14":1,"15":1,"16":1,"17":1,"18":0,"19":0,"20":1,"21":1,"22":0,"23":0,"24":1,"25":1,"26":1,"27":1,"28":1,"29":1,"30":1,"31":1,"32":1,"33":1,"34":1,"35":1,"36":1,"37":1,"38":1,"39":1,"40":1,"41":2,"42":2,"43":1,"44":1,"45":1,"46":2,"47":2,"48":1,"49":1,"50":1,"51":1,"52":2,"53":2,"54":2,"55":2,"56":2,"57":1,"58":1,"59":1,"60":1,"61":1,"62":1,"63":1,"64":1,"65":1,"66":1,"67":1,"68":1,"69":1,"70":1,"71":1,"72":1,"73":1,"74":1,"75":1,"76":1,"77":1,"78":1,"79":1,"80":1,"81":1,"82":1,"83":1,"84":1,"85":1,"86":1,"87":1,"88":1,"89":1,"90":1,"91":1},"branchMap":{"0":{"type":"branch","line":11,"loc":{"start":{"line":11,"column":29},"end":{"line":11,"column":37}},"locations":[{"start":{"line":11,"column":29},"end":{"line":11,"column":37}}]},"1":{"type":"branch","line":18,"loc":{"start":{"line":18,"column":29},"end":{"line":20,"column":1}},"locations":[{"start":{"line":18,"column":29},"end":{"line":20,"column":1}}]},"2":{"type":"branch","line":22,"loc":{"start":{"line":22,"column":71},"end":{"line":24,"column":1}},"locations":[{"start":{"line":22,"column":71},"end":{"line":24,"column":1}}]},"3":{"type":"branch","line":41,"loc":{"start":{"line":41,"column":27},"end":{"line":43,"column":2}},"locations":[{"start":{"line":41,"column":27},"end":{"line":43,"column":2}}]},"4":{"type":"branch","line":46,"loc":{"start":{"line":46,"column":29},"end":{"line":48,"column":2}},"locations":[{"start":{"line":46,"column":29},"end":{"line":48,"column":2}}]},"5":{"type":"branch","line":52,"loc":{"start":{"line":52,"column":28},"end":{"line":57,"column":2}},"locations":[{"start":{"line":52,"column":28},"end":{"line":57,"column":2}}]}},"b":{"0":[0],"1":[0],"2":[0],"3":[2],"4":[2],"5":[2]},"fnMap":{"0":{"name":"rootHandler","decl":{"start":{"line":41,"column":27},"end":{"line":43,"column":2}},"loc":{"start":{"line":41,"column":27},"end":{"line":43,"column":2}},"line":41},"1":{"name":"healthHandler","decl":{"start":{"line":46,"column":29},"end":{"line":48,"column":2}},"loc":{"start":{"line":46,"column":29},"end":{"line":48,"column":2}},"line":46},"2":{"name":"adminHandler","decl":{"start":{"line":52,"column":28},"end":{"line":57,"column":2}},"loc":{"start":{"line":52,"column":28},"end":{"line":57,"column":2}},"line":52}},"f":{"0":2,"1":2,"2":2}}
,"/Users/brad/Projects/status-api/components/index.ts": {"path":"/Users/brad/Projects/status-api/components/index.ts","all":false,"statementMap":{"0":{"start":{"line":1,"column":0},"end":{"line":1,"column":3}},"1":{"start":{"line":2,"column":0},"end":{"line":2,"column":74}},"2":{"start":{"line":3,"column":0},"end":{"line":3,"column":90}},"3":{"start":{"line":4,"column":0},"end":{"line":4,"column":55}},"4":{"start":{"line":5,"column":0},"end":{"line":5,"column":3}},"5":{"start":{"line":6,"column":0},"end":{"line":6,"column":30}},"6":{"start":{"line":7,"column":0},"end":{"line":7,"column":32}},"7":{"start":{"line":8,"column":0},"end":{"line":8,"column":0}},"8":{"start":{"line":9,"column":0},"end":{"line":9,"column":42}},"9":{"start":{"line":10,"column":0},"end":{"line":10,"column":0}},"10":{"start":{"line":11,"column":0},"end":{"line":11,"column":42}},"11":{"start":{"line":12,"column":0},"end":{"line":12,"column":0}},"12":{"start":{"line":13,"column":0},"end":{"line":13,"column":32}}},"s":{"0":1,"1":1,"2":1,"3":1,"4":1,"5":1,"6":1,"7":1,"8":1,"9":1,"10":1,"11":1,"12":1},"branchMap":{},"b":{},"fnMap":{},"f":{}}
,"/Users/brad/Projects/status-api/components/apis/index.ts": {"path":"/Users/brad/Projects/status-api/components/apis/index.ts","all":false,"statementMap":{"0":{"start":{"line":1,"column":0},"end":{"line":1,"column":3}},"1":{"start":{"line":2,"column":0},"end":{"line":2,"column":70}},"2":{"start":{"line":3,"column":0},"end":{"line":3,"column":84}},"3":{"start":{"line":4,"column":0},"end":{"line":4,"column":68}},"4":{"start":{"line":5,"column":0},"end":{"line":5,"column":3}},"5":{"start":{"line":6,"column":0},"end":{"line":6,"column":30}},"6":{"start":{"line":7,"column":0},"end":{"line":7,"column":45}},"7":{"start":{"line":8,"column":0},"end":{"line":8,"column":39}},"8":{"start":{"line":9,"column":0},"end":{"line":9,"column":0}},"9":{"start":{"line":10,"column":0},"end":{"line":10,"column":36}},"10":{"start":{"line":11,"column":0},"end":{"line":11,"column":49}},"11":{"start":{"line":12,"column":0},"end":{"line":12,"column":43}},"12":{"start":{"line":13,"column":0},"end":{"line":13,"column":0}},"13":{"start":{"line":14,"column":0},"end":{"line":14,"column":26}}},"s":{"0":1,"1":1,"2":1,"3":1,"4":1,"5":1,"6":1,"7":1,"8":1,"9":1,"10":1,"11":1,"12":1,"13":1},"branchMap":{},"b":{},"fnMap":{},"f":{}}
,"/Users/brad/Projects/status-api/components/apis/uk-national.ts": {"path":"/Users/brad/Projects/status-api/components/apis/uk-national.ts","all":false,"statementMap":{"0":{"start":{"line":1,"column":0},"end":{"line":1,"column":3}},"1":{"start":{"line":2,"column":0},"end":{"line":2,"column":63}},"2":{"start":{"line":3,"column":0},"end":{"line":3,"column":71}},"3":{"start":{"line":4,"column":0},"end":{"line":4,"column":26}},"4":{"start":{"line":5,"column":0},"end":{"line":5,"column":3}},"5":{"start":{"line":6,"column":0},"end":{"line":6,"column":30}},"6":{"start":{"line":7,"column":0},"end":{"line":7,"column":0}},"7":{"start":{"line":8,"column":0},"end":{"line":8,"column":42}},"8":{"start":{"line":9,"column":0},"end":{"line":9,"column":0}},"9":{"start":{"line":10,"column":0},"end":{"line":10,"column":53}},"10":{"start":{"line":11,"column":0},"end":{"line":11,"column":64}},"11":{"start":{"line":12,"column":0},"end":{"line":12,"column":60}},"12":{"start":{"line":13,"column":0},"end":{"line":13,"column":24}},"13":{"start":{"line":14,"column":0},"end":{"line":14,"column":26}},"14":{"start":{"line":15,"column":0},"end":{"line":15,"column":22}},"15":{"start":{"line":16,"column":0},"end":{"line":16,"column":50}},"16":{"start":{"line":17,"column":0},"end":{"line":17,"column":7}},"17":{"start":{"line":18,"column":0},"end":{"line":18,"column":11}},"18":{"start":{"line":19,"column":0},"end":{"line":19,"column":3}},"19":{"start":{"line":20,"column":0},"end":{"line":20,"column":0}},"20":{"start":{"line":21,"column":0},"end":{"line":21,"column":34}},"21":{"start":{"line":22,"column":0},"end":{"line":22,"column":7}},"22":{"start":{"line":23,"column":0},"end":{"line":23,"column":84}},"23":{"start":{"line":24,"column":0},"end":{"line":24,"column":77}},"24":{"start":{"line":25,"column":0},"end":{"line":25,"column":45}},"25":{"start":{"line":26,"column":0},"end":{"line":26,"column":51}},"26":{"start":{"line":27,"column":0},"end":{"line":27,"column":43}},"27":{"start":{"line":28,"column":0},"end":{"line":28,"column":47}},"28":{"start":{"line":29,"column":0},"end":{"line":29,"column":9}},"29":{"start":{"line":30,"column":0},"end":{"line":30,"column":13}},"30":{"start":{"line":31,"column":0},"end":{"line":31,"column":5}},"31":{"start":{"line":32,"column":0},"end":{"line":32,"column":0}},"32":{"start":{"line":33,"column":0},"end":{"line":33,"column":81}},"33":{"start":{"line":34,"column":0},"end":{"line":34,"column":69}},"34":{"start":{"line":35,"column":0},"end":{"line":35,"column":14}},"35":{"start":{"line":36,"column":0},"end":{"line":36,"column":53}},"36":{"start":{"line":37,"column":0},"end":{"line":37,"column":95}},"37":{"start":{"line":38,"column":0},"end":{"line":38,"column":7}},"38":{"start":{"line":39,"column":0},"end":{"line":39,"column":19}},"39":{"start":{"line":40,"column":0},"end":{"line":40,"column":26}},"40":{"start":{"line":41,"column":0},"end":{"line":41,"column":22}},"41":{"start":{"line":42,"column":0},"end":{"line":42,"column":60}},"42":{"start":{"line":43,"column":0},"end":{"line":43,"column":7}},"43":{"start":{"line":44,"column":0},"end":{"line":44,"column":11}},"44":{"start":{"line":45,"column":0},"end":{"line":45,"column":3}},"45":{"start":{"line":46,"column":0},"end":{"line":46,"column":3}},"46":{"start":{"line":47,"column":0},"end":{"line":47,"column":0}},"47":{"start":{"line":48,"column":0},"end":{"line":48,"column":62}},"48":{"start":{"line":49,"column":0},"end":{"line":49,"column":64}},"49":{"start":{"line":50,"column":0},"end":{"line":50,"column":60}},"50":{"start":{"line":51,"column":0},"end":{"line":51,"column":24}},"51":{"start":{"line":52,"column":0},"end":{"line":52,"column":26}},"52":{"start":{"line":53,"column":0},"end":{"line":53,"column":22}},"53":{"start":{"line":54,"column":0},"end":{"line":54,"column":50}},"54":{"start":{"line":55,"column":0},"end":{"line":55,"column":7}},"55":{"start":{"line":56,"column":0},"end":{"line":56,"column":11}},"56":{"start":{"line":57,"column":0},"end":{"line":57,"column":3}},"57":{"start":{"line":58,"column":0},"end":{"line":58,"column":0}},"58":{"start":{"line":59,"column":0},"end":{"line":59,"column":105}},"59":{"start":{"line":60,"column":0},"end":{"line":60,"column":92}},"60":{"start":{"line":61,"column":0},"end":{"line":61,"column":23}},"61":{"start":{"line":62,"column":0},"end":{"line":62,"column":30}},"62":{"start":{"line":63,"column":0},"end":{"line":63,"column":12}},"63":{"start":{"line":64,"column":0},"end":{"line":64,"column":38}},"64":{"start":{"line":65,"column":0},"end":{"line":65,"column":12}},"65":{"start":{"line":66,"column":0},"end":{"line":66,"column":12}},"66":{"start":{"line":67,"column":0},"end":{"line":67,"column":34}},"67":{"start":{"line":68,"column":0},"end":{"line":68,"column":12}},"68":{"start":{"line":69,"column":0},"end":{"line":69,"column":13}},"69":{"start":{"line":70,"column":0},"end":{"line":70,"column":35}},"70":{"start":{"line":71,"column":0},"end":{"line":71,"column":12}},"71":{"start":{"line":72,"column":0},"end":{"line":72,"column":12}},"72":{"start":{"line":73,"column":0},"end":{"line":73,"column":28}},"73":{"start":{"line":74,"column":0},"end":{"line":74,"column":24}},"74":{"start":{"line":75,"column":0},"end":{"line":75,"column":72}},"75":{"start":{"line":76,"column":0},"end":{"line":76,"column":9}},"76":{"start":{"line":77,"column":0},"end":{"line":77,"column":13}},"77":{"start":{"line":78,"column":0},"end":{"line":78,"column":3}},"78":{"start":{"line":79,"column":0},"end":{"line":79,"column":0}},"79":{"start":{"line":80,"column":0},"end":{"line":80,"column":7}},"80":{"start":{"line":81,"column":0},"end":{"line":81,"column":36}},"81":{"start":{"line":82,"column":0},"end":{"line":82,"column":47}},"82":{"start":{"line":83,"column":0},"end":{"line":83,"column":61}},"83":{"start":{"line":84,"column":0},"end":{"line":84,"column":6}},"84":{"start":{"line":85,"column":0},"end":{"line":85,"column":0}},"85":{"start":{"line":86,"column":0},"end":{"line":86,"column":77}},"86":{"start":{"line":87,"column":0},"end":{"line":87,"column":48}},"87":{"start":{"line":88,"column":0},"end":{"line":88,"column":54}},"88":{"start":{"line":89,"column":0},"end":{"line":89,"column":46}},"89":{"start":{"line":90,"column":0},"end":{"line":90,"column":50}},"90":{"start":{"line":91,"column":0},"end":{"line":91,"column":9}},"91":{"start":{"line":92,"column":0},"end":{"line":92,"column":13}},"92":{"start":{"line":93,"column":0},"end":{"line":93,"column":5}},"93":{"start":{"line":94,"column":0},"end":{"line":94,"column":0}},"94":{"start":{"line":95,"column":0},"end":{"line":95,"column":81}},"95":{"start":{"line":96,"column":0},"end":{"line":96,"column":66}},"96":{"start":{"line":97,"column":0},"end":{"line":97,"column":75}},"97":{"start":{"line":98,"column":0},"end":{"line":98,"column":0}},"98":{"start":{"line":99,"column":0},"end":{"line":99,"column":69}},"99":{"start":{"line":100,"column":0},"end":{"line":100,"column":71}},"100":{"start":{"line":101,"column":0},"end":{"line":101,"column":50}},"101":{"start":{"line":102,"column":0},"end":{"line":102,"column":49}},"102":{"start":{"line":103,"column":0},"end":{"line":103,"column":28}},"103":{"start":{"line":104,"column":0},"end":{"line":104,"column":24}},"104":{"start":{"line":105,"column":0},"end":{"line":105,"column":63}},"105":{"start":{"line":106,"column":0},"end":{"line":106,"column":9}},"106":{"start":{"line":107,"column":0},"end":{"line":107,"column":13}},"107":{"start":{"line":108,"column":0},"end":{"line":108,"column":5}},"108":{"start":{"line":109,"column":0},"end":{"line":109,"column":27}},"109":{"start":{"line":110,"column":0},"end":{"line":110,"column":75}},"110":{"start":{"line":111,"column":0},"end":{"line":111,"column":63}},"111":{"start":{"line":112,"column":0},"end":{"line":112,"column":22}},"112":{"start":{"line":113,"column":0},"end":{"line":113,"column":19}},"113":{"start":{"line":114,"column":0},"end":{"line":114,"column":68}},"114":{"start":{"line":115,"column":0},"end":{"line":115,"column":6}},"115":{"start":{"line":116,"column":0},"end":{"line":116,"column":52}},"116":{"start":{"line":117,"column":0},"end":{"line":117,"column":32}},"117":{"start":{"line":118,"column":0},"end":{"line":118,"column":83}},"118":{"start":{"line":119,"column":0},"end":{"line":119,"column":5}},"119":{"start":{"line":120,"column":0},"end":{"line":120,"column":0}},"120":{"start":{"line":121,"column":0},"end":{"line":121,"column":23}},"121":{"start":{"line":122,"column":0},"end":{"line":122,"column":19}},"122":{"start":{"line":123,"column":0},"end":{"line":123,"column":26}},"123":{"start":{"line":124,"column":0},"end":{"line":124,"column":22}},"124":{"start":{"line":125,"column":0},"end":{"line":125,"column":53}},"125":{"start":{"line":126,"column":0},"end":{"line":126,"column":7}},"126":{"start":{"line":127,"column":0},"end":{"line":127,"column":3}},"127":{"start":{"line":128,"column":0},"end":{"line":128,"column":3}},"128":{"start":{"line":129,"column":0},"end":{"line":129,"column":0}},"129":{"start":{"line":130,"column":0},"end":{"line":130,"column":32}}},"s":{"0":1,"1":1,"2":1,"3":1,"4":1,"5":1,"6":1,"7":1,"8":1,"9":1,"10":4,"11":4,"12":4,"13":1,"14":1,"15":1,"16":1,"17":1,"18":1,"19":3,"20":3,"21":3,"22":3,"23":2,"24":4,"25":1,"26":1,"27":1,"28":1,"29":1,"30":1,"31":1,"32":1,"33":1,"34":1,"35":4,"36":4,"37":4,"38":4,"39":1,"40":1,"41":1,"42":1,"43":1,"44":1,"45":1,"46":1,"47":1,"48":12,"49":12,"50":12,"51":1,"52":1,"53":1,"54":1,"55":1,"56":1,"57":11,"58":11,"59":12,"60":12,"61":12,"62":12,"63":1,"64":1,"65":12,"66":1,"67":1,"68":12,"69":8,"70":8,"71":12,"72":1,"73":1,"74":1,"75":1,"76":1,"77":12,"78":10,"79":10,"80":10,"81":10,"82":10,"83":10,"84":7,"85":7,"86":12,"87":1,"88":1,"89":1,"90":1,"91":1,"92":1,"93":6,"94":6,"95":6,"96":6,"97":6,"98":6,"99":6,"100":6,"101":12,"102":1,"103":1,"104":1,"105":1,"106":1,"107":1,"108":5,"109":5,"110":5,"111":5,"112":5,"113":5,"114":5,"115":12,"116":1,"117":1,"118":1,"119":5,"120":5,"121":12,"122":3,"123":3,"124":3,"125":3,"126":3,"127":1,"128":1,"129":1},"branchMap":{"0":{"type":"branch","line":10,"loc":{"start":{"line":10,"column":32},"end":{"line":46,"column":2}},"locations":[{"start":{"line":10,"column":32},"end":{"line":46,"column":2}}]},"1":{"type":"branch","line":13,"loc":{"start":{"line":13,"column":23},"end":{"line":19,"column":3}},"locations":[{"start":{"line":13,"column":23},"end":{"line":19,"column":3}}]},"2":{"type":"branch","line":20,"loc":{"start":{"line":20,"column":-1},"end":{"line":23,"column":84}},"locations":[{"start":{"line":20,"column":-1},"end":{"line":23,"column":84}}]},"3":{"type":"branch","line":24,"loc":{"start":{"line":24,"column":-1},"end":{"line":25,"column":44}},"locations":[{"start":{"line":24,"column":-1},"end":{"line":25,"column":44}}]},"4":{"type":"branch","line":25,"loc":{"start":{"line":25,"column":44},"end":{"line":36,"column":48}},"locations":[{"start":{"line":25,"column":44},"end":{"line":36,"column":48}}]},"5":{"type":"branch","line":36,"loc":{"start":{"line":36,"column":44},"end":{"line":36,"column":52}},"locations":[{"start":{"line":36,"column":44},"end":{"line":36,"column":52}}]},"6":{"type":"branch","line":37,"loc":{"start":{"line":37,"column":46},"end":{"line":37,"column":95}},"locations":[{"start":{"line":37,"column":46},"end":{"line":37,"column":95}}]},"7":{"type":"branch","line":39,"loc":{"start":{"line":39,"column":4},"end":{"line":45,"column":3}},"locations":[{"start":{"line":39,"column":4},"end":{"line":45,"column":3}}]},"8":{"type":"branch","line":48,"loc":{"start":{"line":48,"column":41},"end":{"line":128,"column":2}},"locations":[{"start":{"line":48,"column":41},"end":{"line":128,"column":2}}]},"9":{"type":"branch","line":51,"loc":{"start":{"line":51,"column":23},"end":{"line":57,"column":3}},"locations":[{"start":{"line":51,"column":23},"end":{"line":57,"column":3}}]},"10":{"type":"branch","line":58,"loc":{"start":{"line":58,"column":-1},"end":{"line":60,"column":39}},"locations":[{"start":{"line":58,"column":-1},"end":{"line":60,"column":39}}]},"11":{"type":"branch","line":60,"loc":{"start":{"line":60,"column":39},"end":{"line":60,"column":59}},"locations":[{"start":{"line":60,"column":39},"end":{"line":60,"column":59}}]},"12":{"type":"branch","line":60,"loc":{"start":{"line":60,"column":60},"end":{"line":60,"column":65}},"locations":[{"start":{"line":60,"column":60},"end":{"line":60,"column":65}}]},"13":{"type":"branch","line":63,"loc":{"start":{"line":63,"column":4},"end":{"line":65,"column":12}},"locations":[{"start":{"line":63,"column":4},"end":{"line":65,"column":12}}]},"14":{"type":"branch","line":66,"loc":{"start":{"line":66,"column":4},"end":{"line":68,"column":12}},"locations":[{"start":{"line":66,"column":4},"end":{"line":68,"column":12}}]},"15":{"type":"branch","line":69,"loc":{"start":{"line":69,"column":4},"end":{"line":71,"column":12}},"locations":[{"start":{"line":69,"column":4},"end":{"line":71,"column":12}}]},"16":{"type":"branch","line":72,"loc":{"start":{"line":72,"column":4},"end":{"line":77,"column":13}},"locations":[{"start":{"line":72,"column":4},"end":{"line":77,"column":13}}]},"17":{"type":"branch","line":79,"loc":{"start":{"line":79,"column":-1},"end":{"line":84,"column":6}},"locations":[{"start":{"line":79,"column":-1},"end":{"line":84,"column":6}}]},"18":{"type":"branch","line":85,"loc":{"start":{"line":85,"column":-1},"end":{"line":87,"column":47}},"locations":[{"start":{"line":85,"column":-1},"end":{"line":87,"column":47}}]},"19":{"type":"branch","line":87,"loc":{"start":{"line":87,"column":47},"end":{"line":93,"column":5}},"locations":[{"start":{"line":87,"column":47},"end":{"line":93,"column":5}}]},"20":{"type":"branch","line":94,"loc":{"start":{"line":94,"column":-1},"end":{"line":102,"column":48}},"locations":[{"start":{"line":94,"column":-1},"end":{"line":102,"column":48}}]},"21":{"type":"branch","line":102,"loc":{"start":{"line":102,"column":48},"end":{"line":108,"column":5}},"locations":[{"start":{"line":102,"column":48},"end":{"line":108,"column":5}}]},"22":{"type":"branch","line":109,"loc":{"start":{"line":109,"column":-1},"end":{"line":116,"column":51}},"locations":[{"start":{"line":109,"column":-1},"end":{"line":116,"column":51}}]},"23":{"type":"branch","line":116,"loc":{"start":{"line":116,"column":51},"end":{"line":119,"column":5}},"locations":[{"start":{"line":116,"column":51},"end":{"line":119,"column":5}}]},"24":{"type":"branch","line":120,"loc":{"start":{"line":120,"column":-1},"end":{"line":122,"column":11}},"locations":[{"start":{"line":120,"column":-1},"end":{"line":122,"column":11}}]},"25":{"type":"branch","line":122,"loc":{"start":{"line":122,"column":4},"end":{"line":127,"column":3}},"locations":[{"start":{"line":122,"column":4},"end":{"line":127,"column":3}}]}},"b":{"0":[4],"1":[1],"2":[3],"3":[2],"4":[1],"5":[0],"6":[1],"7":[1],"8":[12],"9":[1],"10":[11],"11":[9],"12":[2],"13":[1],"14":[1],"15":[8],"16":[1],"17":[10],"18":[7],"19":[1],"20":[6],"21":[1],"22":[5],"23":[1],"24":[5],"25":[3]},"fnMap":{},"f":{}}
,"/Users/brad/Projects/status-api/components/apis/uk-sites.ts": {"path":"/Users/brad/Projects/status-api/components/apis/uk-sites.ts","all":false,"statementMap":{"0":{"start":{"line":1,"column":0},"end":{"line":1,"column":3}},"1":{"start":{"line":2,"column":0},"end":{"line":2,"column":63}},"2":{"start":{"line":3,"column":0},"end":{"line":3,"column":71}},"3":{"start":{"line":4,"column":0},"end":{"line":4,"column":26}},"4":{"start":{"line":5,"column":0},"end":{"line":5,"column":3}},"5":{"start":{"line":6,"column":0},"end":{"line":6,"column":30}},"6":{"start":{"line":7,"column":0},"end":{"line":7,"column":0}},"7":{"start":{"line":8,"column":0},"end":{"line":8,"column":39}},"8":{"start":{"line":9,"column":0},"end":{"line":9,"column":0}},"9":{"start":{"line":10,"column":0},"end":{"line":10,"column":50}},"10":{"start":{"line":11,"column":0},"end":{"line":11,"column":64}},"11":{"start":{"line":12,"column":0},"end":{"line":12,"column":53}},"12":{"start":{"line":13,"column":0},"end":{"line":13,"column":42}},"13":{"start":{"line":14,"column":0},"end":{"line":14,"column":21}},"14":{"start":{"line":15,"column":0},"end":{"line":15,"column":26}},"15":{"start":{"line":16,"column":0},"end":{"line":16,"column":22}},"16":{"start":{"line":17,"column":0},"end":{"line":17,"column":46}},"17":{"start":{"line":18,"column":0},"end":{"line":18,"column":7}},"18":{"start":{"line":19,"column":0},"end":{"line":19,"column":11}},"19":{"start":{"line":20,"column":0},"end":{"line":20,"column":3}},"20":{"start":{"line":21,"column":0},"end":{"line":21,"column":0}},"21":{"start":{"line":22,"column":0},"end":{"line":22,"column":7}},"22":{"start":{"line":23,"column":0},"end":{"line":23,"column":36}},"23":{"start":{"line":24,"column":0},"end":{"line":24,"column":73}},"24":{"start":{"line":25,"column":0},"end":{"line":25,"column":0}},"25":{"start":{"line":26,"column":0},"end":{"line":26,"column":77}},"26":{"start":{"line":27,"column":0},"end":{"line":27,"column":45}},"27":{"start":{"line":28,"column":0},"end":{"line":28,"column":51}},"28":{"start":{"line":29,"column":0},"end":{"line":29,"column":43}},"29":{"start":{"line":30,"column":0},"end":{"line":30,"column":47}},"30":{"start":{"line":31,"column":0},"end":{"line":31,"column":9}},"31":{"start":{"line":32,"column":0},"end":{"line":32,"column":13}},"32":{"start":{"line":33,"column":0},"end":{"line":33,"column":5}},"33":{"start":{"line":34,"column":0},"end":{"line":34,"column":0}},"34":{"start":{"line":35,"column":0},"end":{"line":35,"column":81}},"35":{"start":{"line":36,"column":0},"end":{"line":36,"column":69}},"36":{"start":{"line":37,"column":0},"end":{"line":37,"column":14}},"37":{"start":{"line":38,"column":0},"end":{"line":38,"column":53}},"38":{"start":{"line":39,"column":0},"end":{"line":39,"column":95}},"39":{"start":{"line":40,"column":0},"end":{"line":40,"column":7}},"40":{"start":{"line":41,"column":0},"end":{"line":41,"column":19}},"41":{"start":{"line":42,"column":0},"end":{"line":42,"column":26}},"42":{"start":{"line":43,"column":0},"end":{"line":43,"column":22}},"43":{"start":{"line":44,"column":0},"end":{"line":44,"column":57}},"44":{"start":{"line":45,"column":0},"end":{"line":45,"column":7}},"45":{"start":{"line":46,"column":0},"end":{"line":46,"column":3}},"46":{"start":{"line":47,"column":0},"end":{"line":47,"column":3}},"47":{"start":{"line":48,"column":0},"end":{"line":48,"column":0}},"48":{"start":{"line":49,"column":0},"end":{"line":49,"column":29}}},"s":{"0":1,"1":1,"2":1,"3":1,"4":1,"5":1,"6":1,"7":1,"8":1,"9":1,"10":4,"11":4,"12":4,"13":4,"14":1,"15":1,"16":1,"17":1,"18":1,"19":1,"20":3,"21":3,"22":3,"23":3,"24":2,"25":2,"26":4,"27":1,"28":1,"29":1,"30":1,"31":1,"32":1,"33":1,"34":1,"35":1,"36":1,"37":4,"38":4,"39":4,"40":4,"41":1,"42":1,"43":1,"44":1,"45":1,"46":1,"47":1,"48":1},"branchMap":{"0":{"type":"branch","line":10,"loc":{"start":{"line":10,"column":29},"end":{"line":47,"column":2}},"locations":[{"start":{"line":10,"column":29},"end":{"line":47,"column":2}}]},"1":{"type":"branch","line":14,"loc":{"start":{"line":14,"column":20},"end":{"line":20,"column":3}},"locations":[{"start":{"line":14,"column":20},"end":{"line":20,"column":3}}]},"2":{"type":"branch","line":21,"loc":{"start":{"line":21,"column":-1},"end":{"line":24,"column":73}},"locations":[{"start":{"line":21,"column":-1},"end":{"line":24,"column":73}}]},"3":{"type":"branch","line":25,"loc":{"start":{"line":25,"column":-1},"end":{"line":27,"column":44}},"locations":[{"start":{"line":25,"column":-1},"end":{"line":27,"column":44}}]},"4":{"type":"branch","line":27,"loc":{"start":{"line":27,"column":44},"end":{"line":38,"column":48}},"locations":[{"start":{"line":27,"column":44},"end":{"line":38,"column":48}}]},"5":{"type":"branch","line":38,"loc":{"start":{"line":38,"column":44},"end":{"line":38,"column":52}},"locations":[{"start":{"line":38,"column":44},"end":{"line":38,"column":52}}]},"6":{"type":"branch","line":39,"loc":{"start":{"line":39,"column":46},"end":{"line":39,"column":95}},"locations":[{"start":{"line":39,"column":46},"end":{"line":39,"column":95}}]},"7":{"type":"branch","line":41,"loc":{"start":{"line":41,"column":4},"end":{"line":46,"column":3}},"locations":[{"start":{"line":41,"column":4},"end":{"line":46,"column":3}}]}},"b":{"0":[4],"1":[1],"2":[3],"3":[2],"4":[1],"5":[0],"6":[1],"7":[1]},"fnMap":{},"f":{}}
,"/Users/brad/Projects/status-api/components/auth/index.ts": {"path":"/Users/brad/Projects/status-api/components/auth/index.ts","all":false,"statementMap":{"0":{"start":{"line":1,"column":0},"end":{"line":1,"column":53}},"1":{"start":{"line":2,"column":0},"end":{"line":2,"column":57}},"2":{"start":{"line":3,"column":0},"end":{"line":3,"column":0}},"3":{"start":{"line":4,"column":0},"end":{"line":4,"column":36}},"4":{"start":{"line":5,"column":0},"end":{"line":5,"column":0}},"5":{"start":{"line":6,"column":0},"end":{"line":6,"column":75}},"6":{"start":{"line":7,"column":0},"end":{"line":7,"column":71}},"7":{"start":{"line":8,"column":0},"end":{"line":8,"column":72}},"8":{"start":{"line":9,"column":0},"end":{"line":9,"column":93}},"9":{"start":{"line":10,"column":0},"end":{"line":10,"column":63}},"10":{"start":{"line":11,"column":0},"end":{"line":11,"column":43}},"11":{"start":{"line":12,"column":0},"end":{"line":12,"column":45}},"12":{"start":{"line":13,"column":0},"end":{"line":13,"column":64}},"13":{"start":{"line":14,"column":0},"end":{"line":14,"column":55}},"14":{"start":{"line":15,"column":0},"end":{"line":15,"column":67}},"15":{"start":{"line":16,"column":0},"end":{"line":16,"column":53}},"16":{"start":{"line":17,"column":0},"end":{"line":17,"column":76}},"17":{"start":{"line":18,"column":0},"end":{"line":18,"column":91}},"18":{"start":{"line":19,"column":0},"end":{"line":19,"column":92}},"19":{"start":{"line":20,"column":0},"end":{"line":20,"column":53}},"20":{"start":{"line":21,"column":0},"end":{"line":21,"column":20}},"21":{"start":{"line":22,"column":0},"end":{"line":22,"column":2}},"22":{"start":{"line":23,"column":0},"end":{"line":23,"column":43}},"23":{"start":{"line":24,"column":0},"end":{"line":24,"column":0}},"24":{"start":{"line":25,"column":0},"end":{"line":25,"column":64}},"25":{"start":{"line":26,"column":0},"end":{"line":26,"column":98}},"26":{"start":{"line":27,"column":0},"end":{"line":27,"column":34}},"27":{"start":{"line":28,"column":0},"end":{"line":28,"column":72}},"28":{"start":{"line":29,"column":0},"end":{"line":29,"column":0}},"29":{"start":{"line":30,"column":0},"end":{"line":30,"column":43}},"30":{"start":{"line":31,"column":0},"end":{"line":31,"column":55}},"31":{"start":{"line":32,"column":0},"end":{"line":32,"column":63}},"32":{"start":{"line":33,"column":0},"end":{"line":33,"column":39}},"33":{"start":{"line":34,"column":0},"end":{"line":34,"column":56}},"34":{"start":{"line":35,"column":0},"end":{"line":35,"column":62}},"35":{"start":{"line":36,"column":0},"end":{"line":36,"column":26}},"36":{"start":{"line":37,"column":0},"end":{"line":37,"column":19}},"37":{"start":{"line":38,"column":0},"end":{"line":38,"column":23}},"38":{"start":{"line":39,"column":0},"end":{"line":39,"column":21}},"39":{"start":{"line":40,"column":0},"end":{"line":40,"column":41}},"40":{"start":{"line":41,"column":0},"end":{"line":41,"column":4}},"41":{"start":{"line":42,"column":0},"end":{"line":42,"column":7}},"42":{"start":{"line":43,"column":0},"end":{"line":43,"column":89}},"43":{"start":{"line":44,"column":0},"end":{"line":44,"column":27}},"44":{"start":{"line":45,"column":0},"end":{"line":45,"column":19}},"45":{"start":{"line":46,"column":0},"end":{"line":46,"column":56}},"46":{"start":{"line":47,"column":0},"end":{"line":47,"column":33}},"47":{"start":{"line":48,"column":0},"end":{"line":48,"column":3}},"48":{"start":{"line":49,"column":0},"end":{"line":49,"column":2}},"49":{"start":{"line":50,"column":0},"end":{"line":50,"column":0}},"50":{"start":{"line":51,"column":0},"end":{"line":51,"column":60}},"51":{"start":{"line":52,"column":0},"end":{"line":52,"column":39}},"52":{"start":{"line":53,"column":0},"end":{"line":53,"column":14}},"53":{"start":{"line":54,"column":0},"end":{"line":54,"column":3}},"54":{"start":{"line":55,"column":0},"end":{"line":55,"column":38}},"55":{"start":{"line":56,"column":0},"end":{"line":56,"column":52}},"56":{"start":{"line":57,"column":0},"end":{"line":57,"column":38}},"57":{"start":{"line":58,"column":0},"end":{"line":58,"column":26}},"58":{"start":{"line":59,"column":0},"end":{"line":59,"column":2}},"59":{"start":{"line":60,"column":0},"end":{"line":60,"column":0}},"60":{"start":{"line":61,"column":0},"end":{"line":61,"column":77}},"61":{"start":{"line":62,"column":0},"end":{"line":62,"column":86}},"62":{"start":{"line":63,"column":0},"end":{"line":63,"column":68}},"63":{"start":{"line":64,"column":0},"end":{"line":64,"column":29}},"64":{"start":{"line":65,"column":0},"end":{"line":65,"column":33}},"65":{"start":{"line":66,"column":0},"end":{"line":66,"column":50}},"66":{"start":{"line":67,"column":0},"end":{"line":67,"column":63}},"67":{"start":{"line":68,"column":0},"end":{"line":68,"column":11}},"68":{"start":{"line":69,"column":0},"end":{"line":69,"column":3}},"69":{"start":{"line":70,"column":0},"end":{"line":70,"column":7}},"70":{"start":{"line":71,"column":0},"end":{"line":71,"column":63}},"71":{"start":{"line":72,"column":0},"end":{"line":72,"column":29}},"72":{"start":{"line":73,"column":0},"end":{"line":73,"column":63}},"73":{"start":{"line":74,"column":0},"end":{"line":74,"column":59}},"74":{"start":{"line":75,"column":0},"end":{"line":75,"column":13}},"75":{"start":{"line":76,"column":0},"end":{"line":76,"column":5}},"76":{"start":{"line":77,"column":0},"end":{"line":77,"column":0}},"77":{"start":{"line":78,"column":0},"end":{"line":78,"column":59}},"78":{"start":{"line":79,"column":0},"end":{"line":79,"column":70}},"79":{"start":{"line":80,"column":0},"end":{"line":80,"column":35}},"80":{"start":{"line":81,"column":0},"end":{"line":81,"column":66}},"81":{"start":{"line":82,"column":0},"end":{"line":82,"column":62}},"82":{"start":{"line":83,"column":0},"end":{"line":83,"column":13}},"83":{"start":{"line":84,"column":0},"end":{"line":84,"column":5}},"84":{"start":{"line":85,"column":0},"end":{"line":85,"column":41}},"85":{"start":{"line":86,"column":0},"end":{"line":86,"column":0}},"86":{"start":{"line":87,"column":0},"end":{"line":87,"column":56}},"87":{"start":{"line":88,"column":0},"end":{"line":88,"column":73}},"88":{"start":{"line":89,"column":0},"end":{"line":89,"column":19}},"89":{"start":{"line":90,"column":0},"end":{"line":90,"column":55}},"90":{"start":{"line":91,"column":0},"end":{"line":91,"column":56}},"91":{"start":{"line":92,"column":0},"end":{"line":92,"column":3}},"92":{"start":{"line":93,"column":0},"end":{"line":93,"column":3}},"93":{"start":{"line":94,"column":0},"end":{"line":94,"column":0}},"94":{"start":{"line":95,"column":0},"end":{"line":95,"column":44}},"95":{"start":{"line":96,"column":0},"end":{"line":96,"column":11}},"96":{"start":{"line":97,"column":0},"end":{"line":97,"column":15}},"97":{"start":{"line":98,"column":0},"end":{"line":98,"column":16}},"98":{"start":{"line":99,"column":0},"end":{"line":99,"column":20}},"99":{"start":{"line":100,"column":0},"end":{"line":100,"column":6}},"100":{"start":{"line":101,"column":0},"end":{"line":101,"column":66}},"101":{"start":{"line":102,"column":0},"end":{"line":102,"column":44}},"102":{"start":{"line":103,"column":0},"end":{"line":103,"column":19}},"103":{"start":{"line":104,"column":0},"end":{"line":104,"column":25}},"104":{"start":{"line":105,"column":0},"end":{"line":105,"column":29}},"105":{"start":{"line":106,"column":0},"end":{"line":106,"column":32}},"106":{"start":{"line":107,"column":0},"end":{"line":107,"column":28}},"107":{"start":{"line":108,"column":0},"end":{"line":108,"column":51}},"108":{"start":{"line":109,"column":0},"end":{"line":109,"column":13}},"109":{"start":{"line":110,"column":0},"end":{"line":110,"column":16}},"110":{"start":{"line":111,"column":0},"end":{"line":111,"column":34}},"111":{"start":{"line":112,"column":0},"end":{"line":112,"column":32}},"112":{"start":{"line":113,"column":0},"end":{"line":113,"column":28}},"113":{"start":{"line":114,"column":0},"end":{"line":114,"column":100}},"114":{"start":{"line":115,"column":0},"end":{"line":115,"column":13}},"115":{"start":{"line":116,"column":0},"end":{"line":116,"column":16}},"116":{"start":{"line":117,"column":0},"end":{"line":117,"column":16}},"117":{"start":{"line":118,"column":0},"end":{"line":118,"column":43}},"118":{"start":{"line":119,"column":0},"end":{"line":119,"column":28}},"119":{"start":{"line":120,"column":0},"end":{"line":120,"column":34}},"120":{"start":{"line":121,"column":0},"end":{"line":121,"column":13}},"121":{"start":{"line":122,"column":0},"end":{"line":122,"column":16}},"122":{"start":{"line":123,"column":0},"end":{"line":123,"column":7}},"123":{"start":{"line":124,"column":0},"end":{"line":124,"column":20}},"124":{"start":{"line":125,"column":0},"end":{"line":125,"column":5}},"125":{"start":{"line":126,"column":0},"end":{"line":126,"column":36}},"126":{"start":{"line":127,"column":0},"end":{"line":127,"column":41}},"127":{"start":{"line":128,"column":0},"end":{"line":128,"column":44}},"128":{"start":{"line":129,"column":0},"end":{"line":129,"column":22}},"129":{"start":{"line":130,"column":0},"end":{"line":130,"column":84}},"130":{"start":{"line":131,"column":0},"end":{"line":131,"column":7}},"131":{"start":{"line":132,"column":0},"end":{"line":132,"column":3}},"132":{"start":{"line":133,"column":0},"end":{"line":133,"column":16}},"133":{"start":{"line":134,"column":0},"end":{"line":134,"column":2}},"134":{"start":{"line":135,"column":0},"end":{"line":135,"column":0}},"135":{"start":{"line":136,"column":0},"end":{"line":136,"column":26}}},"s":{"0":1,"1":1,"2":1,"3":1,"4":1,"5":1,"6":1,"7":1,"8":1,"9":1,"10":1,"11":1,"12":1,"13":1,"14":1,"15":1,"16":1,"17":1,"18":1,"19":1,"20":1,"21":1,"22":1,"23":1,"24":1,"25":3,"26":3,"27":3,"28":3,"29":3,"30":3,"31":3,"32":3,"33":3,"34":3,"35":3,"36":3,"37":3,"38":3,"39":3,"40":3,"41":3,"42":3,"43":2,"44":2,"45":1,"46":1,"47":1,"48":3,"49":1,"50":1,"51":4,"52":2,"53":2,"54":2,"55":2,"56":2,"57":2,"58":2,"59":1,"60":1,"61":1,"62":1,"63":5,"64":5,"65":1,"66":1,"67":1,"68":1,"69":4,"70":4,"71":5,"72":1,"73":1,"74":1,"75":1,"76":2,"77":2,"78":2,"79":5,"80":1,"81":1,"82":1,"83":1,"84":1,"85":1,"86":1,"87":1,"88":1,"89":1,"90":1,"91":1,"92":1,"93":1,"94":1,"95":5,"96":5,"97":5,"98":5,"99":5,"100":5,"101":5,"102":5,"103":4,"104":4,"105":1,"106":1,"107":1,"108":1,"109":1,"110":4,"111":1,"112":1,"113":1,"114":1,"115":1,"116":4,"117":2,"118":2,"119":2,"120":2,"121":2,"122":4,"123":4,"124":4,"125":1,"126":1,"127":5,"128":5,"129":5,"130":5,"131":5,"132":1,"133":1,"134":1,"135":1},"branchMap":{"0":{"type":"branch","line":8,"loc":{"start":{"line":8,"column":32},"end":{"line":22,"column":2}},"locations":[{"start":{"line":8,"column":32},"end":{"line":22,"column":2}}]},"1":{"type":"branch","line":25,"loc":{"start":{"line":25,"column":39},"end":{"line":49,"column":2}},"locations":[{"start":{"line":25,"column":39},"end":{"line":49,"column":2}}]},"2":{"type":"branch","line":44,"loc":{"start":{"line":44,"column":-1},"end":{"line":48,"column":3}},"locations":[{"start":{"line":44,"column":-1},"end":{"line":48,"column":3}}]},"3":{"type":"branch","line":45,"loc":{"start":{"line":45,"column":4},"end":{"line":48,"column":3}},"locations":[{"start":{"line":45,"column":4},"end":{"line":48,"column":3}}]},"4":{"type":"branch","line":51,"loc":{"start":{"line":51,"column":40},"end":{"line":59,"column":2}},"locations":[{"start":{"line":51,"column":40},"end":{"line":59,"column":2}}]},"5":{"type":"branch","line":52,"loc":{"start":{"line":52,"column":12},"end":{"line":52,"column":36}},"locations":[{"start":{"line":52,"column":12},"end":{"line":52,"column":36}}]},"6":{"type":"branch","line":52,"loc":{"start":{"line":52,"column":38},"end":{"line":59,"column":2}},"locations":[{"start":{"line":52,"column":38},"end":{"line":59,"column":2}}]},"7":{"type":"branch","line":63,"loc":{"start":{"line":63,"column":28},"end":{"line":93,"column":2}},"locations":[{"start":{"line":63,"column":28},"end":{"line":93,"column":2}}]},"8":{"type":"branch","line":65,"loc":{"start":{"line":65,"column":32},"end":{"line":69,"column":3}},"locations":[{"start":{"line":65,"column":32},"end":{"line":69,"column":3}}]},"9":{"type":"branch","line":70,"loc":{"start":{"line":70,"column":-1},"end":{"line":71,"column":63}},"locations":[{"start":{"line":70,"column":-1},"end":{"line":71,"column":63}}]},"10":{"type":"branch","line":72,"loc":{"start":{"line":72,"column":-1},"end":{"line":72,"column":28}},"locations":[{"start":{"line":72,"column":-1},"end":{"line":72,"column":28}}]},"11":{"type":"branch","line":72,"loc":{"start":{"line":72,"column":28},"end":{"line":76,"column":5}},"locations":[{"start":{"line":72,"column":28},"end":{"line":76,"column":5}}]},"12":{"type":"branch","line":77,"loc":{"start":{"line":77,"column":-1},"end":{"line":80,"column":34}},"locations":[{"start":{"line":77,"column":-1},"end":{"line":80,"column":34}}]},"13":{"type":"branch","line":80,"loc":{"start":{"line":80,"column":34},"end":{"line":92,"column":3}},"locations":[{"start":{"line":80,"column":34},"end":{"line":92,"column":3}}]},"14":{"type":"branch","line":95,"loc":{"start":{"line":95,"column":43},"end":{"line":134,"column":2}},"locations":[{"start":{"line":95,"column":43},"end":{"line":134,"column":2}}]},"15":{"type":"branch","line":103,"loc":{"start":{"line":103,"column":18},"end":{"line":125,"column":5}},"locations":[{"start":{"line":103,"column":18},"end":{"line":125,"column":5}}]},"16":{"type":"branch","line":105,"loc":{"start":{"line":105,"column":8},"end":{"line":110,"column":16}},"locations":[{"start":{"line":105,"column":8},"end":{"line":110,"column":16}}]},"17":{"type":"branch","line":111,"loc":{"start":{"line":111,"column":8},"end":{"line":116,"column":16}},"locations":[{"start":{"line":111,"column":8},"end":{"line":116,"column":16}}]},"18":{"type":"branch","line":117,"loc":{"start":{"line":117,"column":8},"end":{"line":122,"column":16}},"locations":[{"start":{"line":117,"column":8},"end":{"line":122,"column":16}}]},"19":{"type":"branch","line":126,"loc":{"start":{"line":126,"column":-1},"end":{"line":128,"column":36}},"locations":[{"start":{"line":126,"column":-1},"end":{"line":128,"column":36}}]},"20":{"type":"branch","line":126,"loc":{"start":{"line":126,"column":-1},"end":{"line":128,"column":33}},"locations":[{"start":{"line":126,"column":-1},"end":{"line":128,"column":33}}]},"21":{"type":"branch","line":128,"loc":{"start":{"line":128,"column":29},"end":{"line":128,"column":36}},"locations":[{"start":{"line":128,"column":29},"end":{"line":128,"column":36}}]},"22":{"type":"branch","line":133,"loc":{"start":{"line":133,"column":-1},"end":{"line":134,"column":2}},"locations":[{"start":{"line":133,"column":-1},"end":{"line":134,"column":2}}]}},"b":{"0":[1],"1":[3],"2":[2],"3":[1],"4":[4],"5":[3],"6":[2],"7":[5],"8":[1],"9":[4],"10":[3],"11":[1],"12":[2],"13":[1],"14":[5],"15":[4],"16":[1],"17":[1],"18":[2],"19":[3],"20":[1],"21":[0],"22":[1]},"fnMap":{"0":{"name":"authLoginHandler","decl":{"start":{"line":8,"column":32},"end":{"line":22,"column":2}},"loc":{"start":{"line":8,"column":32},"end":{"line":22,"column":2}},"line":8},"1":{"name":"getAccessTokenUsingCode","decl":{"start":{"line":25,"column":39},"end":{"line":49,"column":2}},"loc":{"start":{"line":25,"column":39},"end":{"line":49,"column":2}},"line":25},"2":{"name":"parseUserDataFromIdToken","decl":{"start":{"line":51,"column":40},"end":{"line":59,"column":2}},"loc":{"start":{"line":51,"column":40},"end":{"line":59,"column":2}},"line":51},"3":{"name":"unauthorizedErrorMiddleware","decl":{"start":{"line":95,"column":43},"end":{"line":134,"column":2}},"loc":{"start":{"line":95,"column":43},"end":{"line":134,"column":2}},"line":95}},"f":{"0":1,"1":3,"2":4,"3":5}}
,"/Users/brad/Projects/status-api/middleware/auth.ts": {"path":"/Users/brad/Projects/status-api/middleware/auth.ts","all":false,"statementMap":{"0":{"start":{"line":1,"column":0},"end":{"line":1,"column":65}},"1":{"start":{"line":2,"column":0},"end":{"line":2,"column":28}},"2":{"start":{"line":3,"column":0},"end":{"line":3,"column":16}},"3":{"start":{"line":4,"column":0},"end":{"line":4,"column":0}},"4":{"start":{"line":5,"column":0},"end":{"line":5,"column":28}},"5":{"start":{"line":6,"column":0},"end":{"line":6,"column":39}},"6":{"start":{"line":7,"column":0},"end":{"line":7,"column":51}},"7":{"start":{"line":8,"column":0},"end":{"line":8,"column":26}},"8":{"start":{"line":9,"column":0},"end":{"line":9,"column":2}},"9":{"start":{"line":10,"column":0},"end":{"line":10,"column":3}},"10":{"start":{"line":11,"column":0},"end":{"line":11,"column":51}},"11":{"start":{"line":12,"column":0},"end":{"line":12,"column":2}},"12":{"start":{"line":13,"column":0},"end":{"line":13,"column":65}},"13":{"start":{"line":14,"column":0},"end":{"line":14,"column":80}},"14":{"start":{"line":15,"column":0},"end":{"line":15,"column":2}},"15":{"start":{"line":16,"column":0},"end":{"line":16,"column":90}},"16":{"start":{"line":17,"column":0},"end":{"line":17,"column":16}},"17":{"start":{"line":18,"column":0},"end":{"line":18,"column":3}},"18":{"start":{"line":19,"column":0},"end":{"line":19,"column":42}},"19":{"start":{"line":20,"column":0},"end":{"line":20,"column":0}},"20":{"start":{"line":21,"column":0},"end":{"line":21,"column":3}},"21":{"start":{"line":22,"column":0},"end":{"line":22,"column":49}},"22":{"start":{"line":23,"column":0},"end":{"line":23,"column":2}},"23":{"start":{"line":24,"column":0},"end":{"line":24,"column":74}},"24":{"start":{"line":25,"column":0},"end":{"line":25,"column":2}},"25":{"start":{"line":26,"column":0},"end":{"line":26,"column":97}},"26":{"start":{"line":27,"column":0},"end":{"line":27,"column":3}},"27":{"start":{"line":28,"column":0},"end":{"line":28,"column":56}}},"s":{"0":1,"1":1,"2":1,"3":1,"4":1,"5":1,"6":1,"7":1,"8":1,"9":1,"10":1,"11":1,"12":1,"13":1,"14":1,"15":1,"16":1,"17":1,"18":1,"19":1,"20":1,"21":1,"22":1,"23":1,"24":1,"25":1,"26":1,"27":1},"branchMap":{},"b":{},"fnMap":{},"f":{}}
,"/Users/brad/Projects/status-api/tests/unit/helpers/mockObjects.ts": {"path":"/Users/brad/Projects/status-api/tests/unit/helpers/mockObjects.ts","all":false,"statementMap":{"0":{"start":{"line":1,"column":0},"end":{"line":1,"column":44}},"1":{"start":{"line":2,"column":0},"end":{"line":2,"column":0}},"2":{"start":{"line":3,"column":0},"end":{"line":3,"column":51}},"3":{"start":{"line":4,"column":0},"end":{"line":4,"column":28}},"4":{"start":{"line":5,"column":0},"end":{"line":5,"column":15}},"5":{"start":{"line":6,"column":0},"end":{"line":6,"column":20}},"6":{"start":{"line":7,"column":0},"end":{"line":7,"column":24}},"7":{"start":{"line":8,"column":0},"end":{"line":8,"column":22}},"8":{"start":{"line":9,"column":0},"end":{"line":9,"column":30}},"9":{"start":{"line":10,"column":0},"end":{"line":10,"column":27}},"10":{"start":{"line":11,"column":0},"end":{"line":11,"column":22}},"11":{"start":{"line":12,"column":0},"end":{"line":12,"column":2}}},"s":{"0":1,"1":1,"2":1,"3":5,"4":5,"5":5,"6":5,"7":5,"8":5,"9":5,"10":5,"11":5},"branchMap":{"0":{"type":"branch","line":3,"loc":{"start":{"line":3,"column":44},"end":{"line":12,"column":2}},"locations":[{"start":{"line":3,"column":44},"end":{"line":12,"column":2}}]},"1":{"type":"branch","line":9,"loc":{"start":{"line":9,"column":20},"end":{"line":9,"column":29}},"locations":[{"start":{"line":9,"column":20},"end":{"line":9,"column":29}}]}},"b":{"0":[5],"1":[2]},"fnMap":{"0":{"name":"getMockRequestHandlerObjects","decl":{"start":{"line":3,"column":44},"end":{"line":12,"column":2}},"loc":{"start":{"line":3,"column":44},"end":{"line":12,"column":2}},"line":3}},"f":{"0":5}}
}
