TN:
SF:app.ts
FN:41,rootHandler
FN:46,healthHandler
FN:52,adminHandler
FNF:3
FNH:3
FNDA:2,rootHandler
FNDA:2,healthHandler
FNDA:2,adminHandler
DA:1,1
DA:2,1
DA:3,1
DA:4,1
DA:5,1
DA:6,1
DA:7,1
DA:8,1
DA:9,1
DA:10,1
DA:11,1
DA:12,1
DA:13,1
DA:14,1
DA:15,1
DA:16,1
DA:17,1
DA:18,1
DA:19,0
DA:20,0
DA:21,1
DA:22,1
DA:23,0
DA:24,0
DA:25,1
DA:26,1
DA:27,1
DA:28,1
DA:29,1
DA:30,1
DA:31,1
DA:32,1
DA:33,1
DA:34,1
DA:35,1
DA:36,1
DA:37,1
DA:38,1
DA:39,1
DA:40,1
DA:41,1
DA:42,2
DA:43,2
DA:44,1
DA:45,1
DA:46,1
DA:47,2
DA:48,2
DA:49,1
DA:50,1
DA:51,1
DA:52,1
DA:53,2
DA:54,2
DA:55,2
DA:56,2
DA:57,2
DA:58,1
DA:59,1
DA:60,1
DA:61,1
DA:62,1
DA:63,1
DA:64,1
DA:65,1
DA:66,1
DA:67,1
DA:68,1
DA:69,1
DA:70,1
DA:71,1
DA:72,1
DA:73,1
DA:74,1
DA:75,1
DA:76,0
DA:77,0
DA:78,0
DA:79,0
DA:80,0
DA:81,0
DA:82,0
DA:83,0
DA:84,1
DA:85,1
DA:86,1
DA:87,1
DA:88,1
DA:89,1
DA:90,1
DA:91,1
DA:92,1
LF:92
LH:80
BRDA:11,0,0,0
BRDA:18,1,0,0
BRDA:22,2,0,0
BRDA:41,3,0,2
BRDA:46,4,0,2
BRDA:52,5,0,2
BRF:6
BRH:3
end_of_record
TN:
SF:components/index.ts
FNF:0
FNH:0
DA:1,1
DA:2,1
DA:3,1
DA:4,1
DA:5,1
DA:6,1
DA:7,1
DA:8,1
DA:9,1
DA:10,1
DA:11,1
DA:12,1
DA:13,1
LF:13
LH:13
BRF:0
BRH:0
end_of_record
TN:
SF:components/apis/index.ts
FNF:0
FNH:0
DA:1,1
DA:2,1
DA:3,1
DA:4,1
DA:5,1
DA:6,1
DA:7,1
DA:8,1
DA:9,1
DA:10,1
DA:11,1
DA:12,1
DA:13,1
DA:14,1
LF:14
LH:14
BRF:0
BRH:0
end_of_record
TN:
SF:components/apis/uk-national.ts
FNF:0
FNH:0
DA:1,1
DA:2,1
DA:3,1
DA:4,1
DA:5,1
DA:6,1
DA:7,1
DA:8,1
DA:9,1
DA:10,1
DA:11,4
DA:12,4
DA:13,4
DA:14,1
DA:15,1
DA:16,1
DA:17,1
DA:18,1
DA:19,1
DA:20,3
DA:21,3
DA:22,3
DA:23,3
DA:24,2
DA:25,4
DA:26,1
DA:27,1
DA:28,1
DA:29,1
DA:30,1
DA:31,1
DA:32,1
DA:33,1
DA:34,1
DA:35,1
DA:36,4
DA:37,4
DA:38,4
DA:39,4
DA:40,1
DA:41,1
DA:42,1
DA:43,1
DA:44,1
DA:45,1
DA:46,1
DA:47,1
DA:48,1
DA:49,12
DA:50,12
DA:51,12
DA:52,1
DA:53,1
DA:54,1
DA:55,1
DA:56,1
DA:57,1
DA:58,11
DA:59,11
DA:60,12
DA:61,12
DA:62,12
DA:63,12
DA:64,1
DA:65,1
DA:66,12
DA:67,1
DA:68,1
DA:69,12
DA:70,8
DA:71,8
DA:72,12
DA:73,1
DA:74,1
DA:75,1
DA:76,1
DA:77,1
DA:78,12
DA:79,10
DA:80,10
DA:81,10
DA:82,10
DA:83,10
DA:84,10
DA:85,7
DA:86,7
DA:87,12
DA:88,1
DA:89,1
DA:90,1
DA:91,1
DA:92,1
DA:93,1
DA:94,6
DA:95,6
DA:96,6
DA:97,6
DA:98,6
DA:99,6
DA:100,6
DA:101,6
DA:102,12
DA:103,1
DA:104,1
DA:105,1
DA:106,1
DA:107,1
DA:108,1
DA:109,5
DA:110,5
DA:111,5
DA:112,5
DA:113,5
DA:114,5
DA:115,5
DA:116,12
DA:117,1
DA:118,1
DA:119,1
DA:120,5
DA:121,5
DA:122,12
DA:123,3
DA:124,3
DA:125,3
DA:126,3
DA:127,3
DA:128,1
DA:129,1
DA:130,1
LF:130
LH:130
BRDA:10,0,0,4
BRDA:13,1,0,1
BRDA:20,2,0,3
BRDA:24,3,0,2
BRDA:25,4,0,1
BRDA:36,5,0,0
BRDA:37,6,0,1
BRDA:39,7,0,1
BRDA:48,8,0,12
BRDA:51,9,0,1
BRDA:58,10,0,11
BRDA:60,11,0,9
BRDA:60,12,0,2
BRDA:63,13,0,1
BRDA:66,14,0,1
BRDA:69,15,0,8
BRDA:72,16,0,1
BRDA:79,17,0,10
BRDA:85,18,0,7
BRDA:87,19,0,1
BRDA:94,20,0,6
BRDA:102,21,0,1
BRDA:109,22,0,5
BRDA:116,23,0,1
BRDA:120,24,0,5
BRDA:122,25,0,3
BRF:26
BRH:25
end_of_record
TN:
SF:components/apis/uk-sites.ts
FNF:0
FNH:0
DA:1,1
DA:2,1
DA:3,1
DA:4,1
DA:5,1
DA:6,1
DA:7,1
DA:8,1
DA:9,1
DA:10,1
DA:11,4
DA:12,4
DA:13,4
DA:14,4
DA:15,1
DA:16,1
DA:17,1
DA:18,1
DA:19,1
DA:20,1
DA:21,3
DA:22,3
DA:23,3
DA:24,3
DA:25,2
DA:26,2
DA:27,4
DA:28,1
DA:29,1
DA:30,1
DA:31,1
DA:32,1
DA:33,1
DA:34,1
DA:35,1
DA:36,1
DA:37,1
DA:38,4
DA:39,4
DA:40,4
DA:41,4
DA:42,1
DA:43,1
DA:44,1
DA:45,1
DA:46,1
DA:47,1
DA:48,1
DA:49,1
LF:49
LH:49
BRDA:10,0,0,4
BRDA:14,1,0,1
BRDA:21,2,0,3
BRDA:25,3,0,2
BRDA:27,4,0,1
BRDA:38,5,0,0
BRDA:39,6,0,1
BRDA:41,7,0,1
BRF:8
BRH:7
end_of_record
TN:
SF:components/auth/index.ts
FN:8,authLoginHandler
FN:25,getAccessTokenUsingCode
FN:51,parseUserDataFromIdToken
FN:95,unauthorizedErrorMiddleware
FNF:4
FNH:4
FNDA:1,authLoginHandler
FNDA:3,getAccessTokenUsingCode
FNDA:4,parseUserDataFromIdToken
FNDA:5,unauthorizedErrorMiddleware
DA:1,1
DA:2,1
DA:3,1
DA:4,1
DA:5,1
DA:6,1
DA:7,1
DA:8,1
DA:9,1
DA:10,1
DA:11,1
DA:12,1
DA:13,1
DA:14,1
DA:15,1
DA:16,1
DA:17,1
DA:18,1
DA:19,1
DA:20,1
DA:21,1
DA:22,1
DA:23,1
DA:24,1
DA:25,1
DA:26,3
DA:27,3
DA:28,3
DA:29,3
DA:30,3
DA:31,3
DA:32,3
DA:33,3
DA:34,3
DA:35,3
DA:36,3
DA:37,3
DA:38,3
DA:39,3
DA:40,3
DA:41,3
DA:42,3
DA:43,3
DA:44,2
DA:45,2
DA:46,1
DA:47,1
DA:48,1
DA:49,3
DA:50,1
DA:51,1
DA:52,4
DA:53,2
DA:54,2
DA:55,2
DA:56,2
DA:57,2
DA:58,2
DA:59,2
DA:60,1
DA:61,1
DA:62,1
DA:63,1
DA:64,5
DA:65,5
DA:66,1
DA:67,1
DA:68,1
DA:69,1
DA:70,4
DA:71,4
DA:72,5
DA:73,1
DA:74,1
DA:75,1
DA:76,1
DA:77,2
DA:78,2
DA:79,2
DA:80,5
DA:81,1
DA:82,1
DA:83,1
DA:84,1
DA:85,1
DA:86,1
DA:87,1
DA:88,1
DA:89,1
DA:90,1
DA:91,1
DA:92,1
DA:93,1
DA:94,1
DA:95,1
DA:96,5
DA:97,5
DA:98,5
DA:99,5
DA:100,5
DA:101,5
DA:102,5
DA:103,5
DA:104,4
DA:105,4
DA:106,1
DA:107,1
DA:108,1
DA:109,1
DA:110,1
DA:111,4
DA:112,1
DA:113,1
DA:114,1
DA:115,1
DA:116,1
DA:117,4
DA:118,2
DA:119,2
DA:120,2
DA:121,2
DA:122,2
DA:123,4
DA:124,4
DA:125,4
DA:126,1
DA:127,1
DA:128,5
DA:129,5
DA:130,5
DA:131,5
DA:132,5
DA:133,1
DA:134,1
DA:135,1
DA:136,1
LF:136
LH:136
BRDA:8,0,0,1
BRDA:25,1,0,3
BRDA:44,2,0,2
BRDA:45,3,0,1
BRDA:51,4,0,4
BRDA:52,5,0,3
BRDA:52,6,0,2
BRDA:63,7,0,5
BRDA:65,8,0,1
BRDA:70,9,0,4
BRDA:72,10,0,3
BRDA:72,11,0,1
BRDA:77,12,0,2
BRDA:80,13,0,1
BRDA:95,14,0,5
BRDA:103,15,0,4
BRDA:105,16,0,1
BRDA:111,17,0,1
BRDA:117,18,0,2
BRDA:126,19,0,3
BRDA:126,20,0,1
BRDA:128,21,0,0
BRDA:133,22,0,1
BRF:23
BRH:22
end_of_record
TN:
SF:middleware/auth.ts
FNF:0
FNH:0
DA:1,1
DA:2,1
DA:3,1
DA:4,1
DA:5,1
DA:6,1
DA:7,1
DA:8,1
DA:9,1
DA:10,1
DA:11,1
DA:12,1
DA:13,1
DA:14,1
DA:15,1
DA:16,1
DA:17,1
DA:18,1
DA:19,1
DA:20,1
DA:21,1
DA:22,1
DA:23,1
DA:24,1
DA:25,1
DA:26,1
DA:27,1
DA:28,1
LF:28
LH:28
BRF:0
BRH:0
end_of_record
TN:
SF:tests/unit/helpers/mockObjects.ts
FN:3,getMockRequestHandlerObjects
FNF:1
FNH:1
FNDA:5,getMockRequestHandlerObjects
DA:1,1
DA:2,1
DA:3,1
DA:4,5
DA:5,5
DA:6,5
DA:7,5
DA:8,5
DA:9,5
DA:10,5
DA:11,5
DA:12,5
LF:12
LH:12
BRDA:3,0,0,5
BRDA:9,1,0,2
BRF:2
BRH:2
end_of_record
